==> nex_ai
Compiling 1 file (.ex)
Generated nex_ai app
==> nex_core
     warning: clauses with the same name and arity (number of arguments) should be grouped together, "defp send_api_response/2" was previously defined (lib/nex/handler.ex:131)
     │
 198 │   defp send_api_response(conn, :method_not_allowed) do
     │        ~
     │
     └─ lib/nex/handler.ex:198:8

==> chatbot_sse
Compiling 5 files (.ex)
Generated chatbot_sse app
[Nex.Env] Loading environment from: /Users/bytedance/github/nex/examples/chatbot_sse/.env
[Nex.Env] ✓ Environment loaded successfully (2 variables)

10:44:19.078 [info] [Nex.Reloader] Watching for file changes in ["src/"]

🚀 Nex dev server starting...

   App module: ChatbotSse
   URL: http://localhost:4001
   Hot reload: enabled

Press Ctrl+C to stop.


10:44:19.097 [info] Running Nex.Router with Bandit 1.9.0 at 0.0.0.0:4001 (http)
